This is pdfTeX, Version 3.14159265-2.6-1.40.18 (TeX Live 2017/Debian) (preloaded format=pdflatex 2018.6.5)  5 JUN 2018 14:23
entering extended mode
 restricted \write18 enabled.
 %&-line parsing enabled.
**diploma.tex
(./diploma.tex
LaTeX2e <2017-04-15>
Babel <3.18> and hyphenation patterns for 12 language(s) loaded.
\@input{header.aux}
\openout2 = `header.aux'.

(./header.tex (/usr/share/texlive/texmf-dist/tex/latex/extsizes/extreport.cls
Document Class: extreport 1996/10/08 v1.0 Non Standard LaTeX document class
(/usr/share/texlive/texmf-dist/tex/latex/extsizes/size14.clo
File: size14.clo 1999/11/11 v1.4a NON-Standard LaTeX file (size option)
)
(/usr/share/texlive/texmf-dist/tex/latex/base/exscale.sty
Package: exscale 2014/09/29 v2.1h Standard LaTeX package exscale
LaTeX Font Info:    Redeclaring symbol font `largesymbols' on input line 57.
LaTeX Font Info:    Overwriting symbol font `largesymbols' in version `normal'
(Font)                  OMX/cmex/m/n --> OMX/cmex/m/n on input line 57.
LaTeX Font Info:    Overwriting symbol font `largesymbols' in version `bold'
(Font)                  OMX/cmex/m/n --> OMX/cmex/m/n on input line 57.
\big@size=\dimen102
)
\c@part=\count79
\c@chapter=\count80
\c@section=\count81
\c@subsection=\count82
\c@subsubsection=\count83
\c@paragraph=\count84
\c@subparagraph=\count85
\c@figure=\count86
\c@table=\count87
\abovecaptionskip=\skip41
\belowcaptionskip=\skip42
\bibindent=\dimen103
)
(/usr/share/texlive/texmf-dist/tex/latex/geometry/geometry.sty
Package: geometry 2010/09/12 v5.6 Page Geometry

(/usr/share/texlive/texmf-dist/tex/latex/graphics/keyval.sty
Package: keyval 2014/10/28 v1.15 key=value parser (DPC)
\KV@toks@=\toks14
)
(/usr/share/texlive/texmf-dist/tex/generic/oberdiek/ifpdf.sty
Package: ifpdf 2017/03/15 v3.2 Provides the ifpdf switch
)
(/usr/share/texlive/texmf-dist/tex/generic/oberdiek/ifvtex.sty
Package: ifvtex 2016/05/16 v1.6 Detect VTeX and its facilities (HO)
Package ifvtex Info: VTeX not detected.
)
(/usr/share/texlive/texmf-dist/tex/generic/ifxetex/ifxetex.sty
Package: ifxetex 2010/09/12 v0.6 Provides ifxetex conditional
)
\Gm@cnth=\count88
\Gm@cntv=\count89
\c@Gm@tempcnt=\count90
\Gm@bindingoffset=\dimen104
\Gm@wd@mp=\dimen105
\Gm@odd@mp=\dimen106
\Gm@even@mp=\dimen107
\Gm@layoutwidth=\dimen108
\Gm@layoutheight=\dimen109
\Gm@layouthoffset=\dimen110
\Gm@layoutvoffset=\dimen111
\Gm@dimlist=\toks15
)
(/usr/share/texlive/texmf-dist/tex/latex/base/fontenc.sty
Package: fontenc 2017/04/05 v2.0i Standard LaTeX package

(/usr/share/texlive/texmf-dist/tex/latex/cyrillic/t2aenc.def
File: t2aenc.def 2005/09/27 v1.0i Cyrillic encoding definition file
)
LaTeX Font Info:    Try loading font information for T2A+cmr on input line 105.


(/usr/share/texlive/texmf-dist/tex/latex/cyrillic/t2acmr.fd
File: t2acmr.fd 2001/08/11 v1.0a Computer Modern Cyrillic font definitions
))
(/usr/share/texmf/tex/latex/lm/lmodern.sty
Package: lmodern 2009/10/30 v1.6 Latin Modern Fonts
LaTeX Font Info:    Overwriting symbol font `operators' in version `normal'
(Font)                  OT1/cmr/m/n --> OT1/lmr/m/n on input line 22.
LaTeX Font Info:    Overwriting symbol font `letters' in version `normal'
(Font)                  OML/cmm/m/it --> OML/lmm/m/it on input line 23.
LaTeX Font Info:    Overwriting symbol font `symbols' in version `normal'
(Font)                  OMS/cmsy/m/n --> OMS/lmsy/m/n on input line 24.
LaTeX Font Info:    Overwriting symbol font `largesymbols' in version `normal'
(Font)                  OMX/cmex/m/n --> OMX/lmex/m/n on input line 25.
LaTeX Font Info:    Overwriting symbol font `operators' in version `bold'
(Font)                  OT1/cmr/bx/n --> OT1/lmr/bx/n on input line 26.
LaTeX Font Info:    Overwriting symbol font `letters' in version `bold'
(Font)                  OML/cmm/b/it --> OML/lmm/b/it on input line 27.
LaTeX Font Info:    Overwriting symbol font `symbols' in version `bold'
(Font)                  OMS/cmsy/b/n --> OMS/lmsy/b/n on input line 28.
LaTeX Font Info:    Overwriting symbol font `largesymbols' in version `bold'
(Font)                  OMX/cmex/m/n --> OMX/lmex/m/n on input line 29.
LaTeX Font Info:    Overwriting math alphabet `\mathbf' in version `normal'
(Font)                  OT1/cmr/bx/n --> OT1/lmr/bx/n on input line 31.
LaTeX Font Info:    Overwriting math alphabet `\mathsf' in version `normal'
(Font)                  OT1/cmss/m/n --> OT1/lmss/m/n on input line 32.
LaTeX Font Info:    Overwriting math alphabet `\mathit' in version `normal'
(Font)                  OT1/cmr/m/it --> OT1/lmr/m/it on input line 33.
LaTeX Font Info:    Overwriting math alphabet `\mathtt' in version `normal'
(Font)                  OT1/cmtt/m/n --> OT1/lmtt/m/n on input line 34.
LaTeX Font Info:    Overwriting math alphabet `\mathbf' in version `bold'
(Font)                  OT1/cmr/bx/n --> OT1/lmr/bx/n on input line 35.
LaTeX Font Info:    Overwriting math alphabet `\mathsf' in version `bold'
(Font)                  OT1/cmss/bx/n --> OT1/lmss/bx/n on input line 36.
LaTeX Font Info:    Overwriting math alphabet `\mathit' in version `bold'
(Font)                  OT1/cmr/bx/it --> OT1/lmr/bx/it on input line 37.
LaTeX Font Info:    Overwriting math alphabet `\mathtt' in version `bold'
(Font)                  OT1/cmtt/m/n --> OT1/lmtt/m/n on input line 38.
)
(/usr/share/texlive/texmf-dist/tex/latex/base/inputenc.sty
Package: inputenc 2015/03/17 v1.2c Input encoding file
\inpenc@prehook=\toks16
\inpenc@posthook=\toks17

(/usr/share/texlive/texmf-dist/tex/latex/base/utf8.def
File: utf8.def 2017/01/28 v1.1t UTF-8 support for inputenc
Now handling font encoding OML ...
... no UTF-8 mapping file for font encoding OML
Now handling font encoding T1 ...
... processing UTF-8 mapping file for font encoding T1

(/usr/share/texlive/texmf-dist/tex/latex/base/t1enc.dfu
File: t1enc.dfu 2017/01/28 v1.1t UTF-8 support for inputenc
   defining Unicode char U+00A0 (decimal 160)
   defining Unicode char U+00A1 (decimal 161)
   defining Unicode char U+00A3 (decimal 163)
   defining Unicode char U+00AB (decimal 171)
   defining Unicode char U+00AD (decimal 173)
   defining Unicode char U+00BB (decimal 187)
   defining Unicode char U+00BF (decimal 191)
   defining Unicode char U+00C0 (decimal 192)
   defining Unicode char U+00C1 (decimal 193)
   defining Unicode char U+00C2 (decimal 194)
   defining Unicode char U+00C3 (decimal 195)
   defining Unicode char U+00C4 (decimal 196)
   defining Unicode char U+00C5 (decimal 197)
   defining Unicode char U+00C6 (decimal 198)
   defining Unicode char U+00C7 (decimal 199)
   defining Unicode char U+00C8 (decimal 200)
   defining Unicode char U+00C9 (decimal 201)
   defining Unicode char U+00CA (decimal 202)
   defining Unicode char U+00CB (decimal 203)
   defining Unicode char U+00CC (decimal 204)
   defining Unicode char U+00CD (decimal 205)
   defining Unicode char U+00CE (decimal 206)
   defining Unicode char U+00CF (decimal 207)
   defining Unicode char U+00D0 (decimal 208)
   defining Unicode char U+00D1 (decimal 209)
   defining Unicode char U+00D2 (decimal 210)
   defining Unicode char U+00D3 (decimal 211)
   defining Unicode char U+00D4 (decimal 212)
   defining Unicode char U+00D5 (decimal 213)
   defining Unicode char U+00D6 (decimal 214)
   defining Unicode char U+00D8 (decimal 216)
   defining Unicode char U+00D9 (decimal 217)
   defining Unicode char U+00DA (decimal 218)
   defining Unicode char U+00DB (decimal 219)
   defining Unicode char U+00DC (decimal 220)
   defining Unicode char U+00DD (decimal 221)
   defining Unicode char U+00DE (decimal 222)
   defining Unicode char U+00DF (decimal 223)
   defining Unicode char U+00E0 (decimal 224)
   defining Unicode char U+00E1 (decimal 225)
   defining Unicode char U+00E2 (decimal 226)
   defining Unicode char U+00E3 (decimal 227)
   defining Unicode char U+00E4 (decimal 228)
   defining Unicode char U+00E5 (decimal 229)
   defining Unicode char U+00E6 (decimal 230)
   defining Unicode char U+00E7 (decimal 231)
   defining Unicode char U+00E8 (decimal 232)
   defining Unicode char U+00E9 (decimal 233)
   defining Unicode char U+00EA (decimal 234)
   defining Unicode char U+00EB (decimal 235)
   defining Unicode char U+00EC (decimal 236)
   defining Unicode char U+00ED (decimal 237)
   defining Unicode char U+00EE (decimal 238)
   defining Unicode char U+00EF (decimal 239)
   defining Unicode char U+00F0 (decimal 240)
   defining Unicode char U+00F1 (decimal 241)
   defining Unicode char U+00F2 (decimal 242)
   defining Unicode char U+00F3 (decimal 243)
   defining Unicode char U+00F4 (decimal 244)
   defining Unicode char U+00F5 (decimal 245)
   defining Unicode char U+00F6 (decimal 246)
   defining Unicode char U+00F8 (decimal 248)
   defining Unicode char U+00F9 (decimal 249)
   defining Unicode char U+00FA (decimal 250)
   defining Unicode char U+00FB (decimal 251)
   defining Unicode char U+00FC (decimal 252)
   defining Unicode char U+00FD (decimal 253)
   defining Unicode char U+00FE (decimal 254)
   defining Unicode char U+00FF (decimal 255)
   defining Unicode char U+0100 (decimal 256)
   defining Unicode char U+0101 (decimal 257)
   defining Unicode char U+0102 (decimal 258)
   defining Unicode char U+0103 (decimal 259)
   defining Unicode char U+0104 (decimal 260)
   defining Unicode char U+0105 (decimal 261)
   defining Unicode char U+0106 (decimal 262)
   defining Unicode char U+0107 (decimal 263)
   defining Unicode char U+0108 (decimal 264)
   defining Unicode char U+0109 (decimal 265)
   defining Unicode char U+010A (decimal 266)
   defining Unicode char U+010B (decimal 267)
   defining Unicode char U+010C (decimal 268)
   defining Unicode char U+010D (decimal 269)
   defining Unicode char U+010E (decimal 270)
   defining Unicode char U+010F (decimal 271)
   defining Unicode char U+0110 (decimal 272)
   defining Unicode char U+0111 (decimal 273)
   defining Unicode char U+0112 (decimal 274)
   defining Unicode char U+0113 (decimal 275)
   defining Unicode char U+0114 (decimal 276)
   defining Unicode char U+0115 (decimal 277)
   defining Unicode char U+0116 (decimal 278)
   defining Unicode char U+0117 (decimal 279)
   defining Unicode char U+0118 (decimal 280)
   defining Unicode char U+0119 (decimal 281)
   defining Unicode char U+011A (decimal 282)
   defining Unicode char U+011B (decimal 283)
   defining Unicode char U+011C (decimal 284)
   defining Unicode char U+011D (decimal 285)
   defining Unicode char U+011E (decimal 286)
   defining Unicode char U+011F (decimal 287)
   defining Unicode char U+0120 (decimal 288)
   defining Unicode char U+0121 (decimal 289)
   defining Unicode char U+0122 (decimal 290)
   defining Unicode char U+0123 (decimal 291)
   defining Unicode char U+0124 (decimal 292)
   defining Unicode char U+0125 (decimal 293)
   defining Unicode char U+0128 (decimal 296)
   defining Unicode char U+0129 (decimal 297)
   defining Unicode char U+012A (decimal 298)
   defining Unicode char U+012B (decimal 299)
   defining Unicode char U+012C (decimal 300)
   defining Unicode char U+012D (decimal 301)
   defining Unicode char U+012E (decimal 302)
   defining Unicode char U+012F (decimal 303)
   defining Unicode char U+0130 (decimal 304)
   defining Unicode char U+0131 (decimal 305)
   defining Unicode char U+0132 (decimal 306)
   defining Unicode char U+0133 (decimal 307)
   defining Unicode char U+0134 (decimal 308)
   defining Unicode char U+0135 (decimal 309)
   defining Unicode char U+0136 (decimal 310)
   defining Unicode char U+0137 (decimal 311)
   defining Unicode char U+0139 (decimal 313)
   defining Unicode char U+013A (decimal 314)
   defining Unicode char U+013B (decimal 315)
   defining Unicode char U+013C (decimal 316)
   defining Unicode char U+013D (decimal 317)
   defining Unicode char U+013E (decimal 318)
   defining Unicode char U+0141 (decimal 321)
   defining Unicode char U+0142 (decimal 322)
   defining Unicode char U+0143 (decimal 323)
   defining Unicode char U+0144 (decimal 324)
   defining Unicode char U+0145 (decimal 325)
   defining Unicode char U+0146 (decimal 326)
   defining Unicode char U+0147 (decimal 327)
   defining Unicode char U+0148 (decimal 328)
   defining Unicode char U+014A (decimal 330)
   defining Unicode char U+014B (decimal 331)
   defining Unicode char U+014C (decimal 332)
   defining Unicode char U+014D (decimal 333)
   defining Unicode char U+014E (decimal 334)
   defining Unicode char U+014F (decimal 335)
   defining Unicode char U+0150 (decimal 336)
   defining Unicode char U+0151 (decimal 337)
   defining Unicode char U+0152 (decimal 338)
   defining Unicode char U+0153 (decimal 339)
   defining Unicode char U+0154 (decimal 340)
   defining Unicode char U+0155 (decimal 341)
   defining Unicode char U+0156 (decimal 342)
   defining Unicode char U+0157 (decimal 343)
   defining Unicode char U+0158 (decimal 344)
   defining Unicode char U+0159 (decimal 345)
   defining Unicode char U+015A (decimal 346)
   defining Unicode char U+015B (decimal 347)
   defining Unicode char U+015C (decimal 348)
   defining Unicode char U+015D (decimal 349)
   defining Unicode char U+015E (decimal 350)
   defining Unicode char U+015F (decimal 351)
   defining Unicode char U+0160 (decimal 352)
   defining Unicode char U+0161 (decimal 353)
   defining Unicode char U+0162 (decimal 354)
   defining Unicode char U+0163 (decimal 355)
   defining Unicode char U+0164 (decimal 356)
   defining Unicode char U+0165 (decimal 357)
   defining Unicode char U+0168 (decimal 360)
   defining Unicode char U+0169 (decimal 361)
   defining Unicode char U+016A (decimal 362)
   defining Unicode char U+016B (decimal 363)
   defining Unicode char U+016C (decimal 364)
   defining Unicode char U+016D (decimal 365)
   defining Unicode char U+016E (decimal 366)
   defining Unicode char U+016F (decimal 367)
   defining Unicode char U+0170 (decimal 368)
   defining Unicode char U+0171 (decimal 369)
   defining Unicode char U+0172 (decimal 370)
   defining Unicode char U+0173 (decimal 371)
   defining Unicode char U+0174 (decimal 372)
   defining Unicode char U+0175 (decimal 373)
   defining Unicode char U+0176 (decimal 374)
   defining Unicode char U+0177 (decimal 375)
   defining Unicode char U+0178 (decimal 376)
   defining Unicode char U+0179 (decimal 377)
   defining Unicode char U+017A (decimal 378)
   defining Unicode char U+017B (decimal 379)
   defining Unicode char U+017C (decimal 380)
   defining Unicode char U+017D (decimal 381)
   defining Unicode char U+017E (decimal 382)
   defining Unicode char U+01CD (decimal 461)
   defining Unicode char U+01CE (decimal 462)
   defining Unicode char U+01CF (decimal 463)
   defining Unicode char U+01D0 (decimal 464)
   defining Unicode char U+01D1 (decimal 465)
   defining Unicode char U+01D2 (decimal 466)
   defining Unicode char U+01D3 (decimal 467)
   defining Unicode char U+01D4 (decimal 468)
   defining Unicode char U+01E2 (decimal 482)
   defining Unicode char U+01E3 (decimal 483)
   defining Unicode char U+01E6 (decimal 486)
   defining Unicode char U+01E7 (decimal 487)
   defining Unicode char U+01E8 (decimal 488)
   defining Unicode char U+01E9 (decimal 489)
   defining Unicode char U+01EA (decimal 490)
   defining Unicode char U+01EB (decimal 491)
   defining Unicode char U+01F0 (decimal 496)
   defining Unicode char U+01F4 (decimal 500)
   defining Unicode char U+01F5 (decimal 501)
   defining Unicode char U+0218 (decimal 536)
   defining Unicode char U+0219 (decimal 537)
   defining Unicode char U+021A (decimal 538)
   defining Unicode char U+021B (decimal 539)
   defining Unicode char U+0232 (decimal 562)
   defining Unicode char U+0233 (decimal 563)
   defining Unicode char U+1E02 (decimal 7682)
   defining Unicode char U+1E03 (decimal 7683)
   defining Unicode char U+200C (decimal 8204)
   defining Unicode char U+2010 (decimal 8208)
   defining Unicode char U+2011 (decimal 8209)
   defining Unicode char U+2012 (decimal 8210)
   defining Unicode char U+2013 (decimal 8211)
   defining Unicode char U+2014 (decimal 8212)
   defining Unicode char U+2015 (decimal 8213)
   defining Unicode char U+2018 (decimal 8216)
   defining Unicode char U+2019 (decimal 8217)
   defining Unicode char U+201A (decimal 8218)
   defining Unicode char U+201C (decimal 8220)
   defining Unicode char U+201D (decimal 8221)
   defining Unicode char U+201E (decimal 8222)
   defining Unicode char U+2030 (decimal 8240)
   defining Unicode char U+2031 (decimal 8241)
   defining Unicode char U+2039 (decimal 8249)
   defining Unicode char U+203A (decimal 8250)
   defining Unicode char U+2423 (decimal 9251)
   defining Unicode char U+1E20 (decimal 7712)
   defining Unicode char U+1E21 (decimal 7713)
)
Now handling font encoding OT1 ...
... processing UTF-8 mapping file for font encoding OT1

(/usr/share/texlive/texmf-dist/tex/latex/base/ot1enc.dfu
File: ot1enc.dfu 2017/01/28 v1.1t UTF-8 support for inputenc
   defining Unicode char U+00A0 (decimal 160)
   defining Unicode char U+00A1 (decimal 161)
   defining Unicode char U+00A3 (decimal 163)
   defining Unicode char U+00AD (decimal 173)
   defining Unicode char U+00B8 (decimal 184)
   defining Unicode char U+00BF (decimal 191)
   defining Unicode char U+00C5 (decimal 197)
   defining Unicode char U+00C6 (decimal 198)
   defining Unicode char U+00D8 (decimal 216)
   defining Unicode char U+00DF (decimal 223)
   defining Unicode char U+00E6 (decimal 230)
   defining Unicode char U+00EC (decimal 236)
   defining Unicode char U+00ED (decimal 237)
   defining Unicode char U+00EE (decimal 238)
   defining Unicode char U+00EF (decimal 239)
   defining Unicode char U+00F8 (decimal 248)
   defining Unicode char U+0131 (decimal 305)
   defining Unicode char U+0141 (decimal 321)
   defining Unicode char U+0142 (decimal 322)
   defining Unicode char U+0152 (decimal 338)
   defining Unicode char U+0153 (decimal 339)
   defining Unicode char U+0174 (decimal 372)
   defining Unicode char U+0175 (decimal 373)
   defining Unicode char U+0176 (decimal 374)
   defining Unicode char U+0177 (decimal 375)
   defining Unicode char U+0218 (decimal 536)
   defining Unicode char U+0219 (decimal 537)
   defining Unicode char U+021A (decimal 538)
   defining Unicode char U+021B (decimal 539)
   defining Unicode char U+2013 (decimal 8211)
   defining Unicode char U+2014 (decimal 8212)
   defining Unicode char U+2018 (decimal 8216)
   defining Unicode char U+2019 (decimal 8217)
   defining Unicode char U+201C (decimal 8220)
   defining Unicode char U+201D (decimal 8221)
)
Now handling font encoding OMS ...
... processing UTF-8 mapping file for font encoding OMS

(/usr/share/texlive/texmf-dist/tex/latex/base/omsenc.dfu
File: omsenc.dfu 2017/01/28 v1.1t UTF-8 support for inputenc
   defining Unicode char U+00A7 (decimal 167)
   defining Unicode char U+00B6 (decimal 182)
   defining Unicode char U+00B7 (decimal 183)
   defining Unicode char U+2020 (decimal 8224)
   defining Unicode char U+2021 (decimal 8225)
   defining Unicode char U+2022 (decimal 8226)
)
Now handling font encoding OMX ...
... no UTF-8 mapping file for font encoding OMX
Now handling font encoding U ...
... no UTF-8 mapping file for font encoding U
Now handling font encoding T2A ...
... processing UTF-8 mapping file for font encoding T2A

(/usr/share/texlive/texmf-dist/tex/latex/base/t2aenc.dfu
File: t2aenc.dfu 2017/01/28 v1.1t UTF-8 support for inputenc
   defining Unicode char U+00A4 (decimal 164)
   defining Unicode char U+00A7 (decimal 167)
   defining Unicode char U+00AB (decimal 171)
   defining Unicode char U+00BB (decimal 187)
   defining Unicode char U+0131 (decimal 305)
   defining Unicode char U+0400 (decimal 1024)
   defining Unicode char U+0401 (decimal 1025)
   defining Unicode char U+0402 (decimal 1026)
   defining Unicode char U+0403 (decimal 1027)
   defining Unicode char U+0404 (decimal 1028)
   defining Unicode char U+0405 (decimal 1029)
   defining Unicode char U+0406 (decimal 1030)
   defining Unicode char U+0407 (decimal 1031)
   defining Unicode char U+0408 (decimal 1032)
   defining Unicode char U+0409 (decimal 1033)
   defining Unicode char U+040A (decimal 1034)
   defining Unicode char U+040B (decimal 1035)
   defining Unicode char U+040C (decimal 1036)
   defining Unicode char U+040D (decimal 1037)
   defining Unicode char U+040E (decimal 1038)
   defining Unicode char U+040F (decimal 1039)
   defining Unicode char U+0410 (decimal 1040)
   defining Unicode char U+0411 (decimal 1041)
   defining Unicode char U+0412 (decimal 1042)
   defining Unicode char U+0413 (decimal 1043)
   defining Unicode char U+0414 (decimal 1044)
   defining Unicode char U+0415 (decimal 1045)
   defining Unicode char U+0416 (decimal 1046)
   defining Unicode char U+0417 (decimal 1047)
   defining Unicode char U+0418 (decimal 1048)
   defining Unicode char U+0419 (decimal 1049)
   defining Unicode char U+041A (decimal 1050)
   defining Unicode char U+041B (decimal 1051)
   defining Unicode char U+041C (decimal 1052)
   defining Unicode char U+041D (decimal 1053)
   defining Unicode char U+041E (decimal 1054)
   defining Unicode char U+041F (decimal 1055)
   defining Unicode char U+0420 (decimal 1056)
   defining Unicode char U+0421 (decimal 1057)
   defining Unicode char U+0422 (decimal 1058)
   defining Unicode char U+0423 (decimal 1059)
   defining Unicode char U+0424 (decimal 1060)
   defining Unicode char U+0425 (decimal 1061)
   defining Unicode char U+0426 (decimal 1062)
   defining Unicode char U+0427 (decimal 1063)
   defining Unicode char U+0428 (decimal 1064)
   defining Unicode char U+0429 (decimal 1065)
   defining Unicode char U+042A (decimal 1066)
   defining Unicode char U+042B (decimal 1067)
   defining Unicode char U+042C (decimal 1068)
   defining Unicode char U+042D (decimal 1069)
   defining Unicode char U+042E (decimal 1070)
   defining Unicode char U+042F (decimal 1071)
   defining Unicode char U+0430 (decimal 1072)
   defining Unicode char U+0431 (decimal 1073)
   defining Unicode char U+0432 (decimal 1074)
   defining Unicode char U+0433 (decimal 1075)
   defining Unicode char U+0434 (decimal 1076)
   defining Unicode char U+0435 (decimal 1077)
   defining Unicode char U+0436 (decimal 1078)
   defining Unicode char U+0437 (decimal 1079)
   defining Unicode char U+0438 (decimal 1080)
   defining Unicode char U+0439 (decimal 1081)
   defining Unicode char U+043A (decimal 1082)
   defining Unicode char U+043B (decimal 1083)
   defining Unicode char U+043C (decimal 1084)
   defining Unicode char U+043D (decimal 1085)
   defining Unicode char U+043E (decimal 1086)
   defining Unicode char U+043F (decimal 1087)
   defining Unicode char U+0440 (decimal 1088)
   defining Unicode char U+0441 (decimal 1089)
   defining Unicode char U+0442 (decimal 1090)
   defining Unicode char U+0443 (decimal 1091)
   defining Unicode char U+0444 (decimal 1092)
   defining Unicode char U+0445 (decimal 1093)
   defining Unicode char U+0446 (decimal 1094)
   defining Unicode char U+0447 (decimal 1095)
   defining Unicode char U+0448 (decimal 1096)
   defining Unicode char U+0449 (decimal 1097)
   defining Unicode char U+044A (decimal 1098)
   defining Unicode char U+044B (decimal 1099)
   defining Unicode char U+044C (decimal 1100)
   defining Unicode char U+044D (decimal 1101)
   defining Unicode char U+044E (decimal 1102)
   defining Unicode char U+044F (decimal 1103)
   defining Unicode char U+0450 (decimal 1104)
   defining Unicode char U+0451 (decimal 1105)
   defining Unicode char U+0452 (decimal 1106)
   defining Unicode char U+0453 (decimal 1107)
   defining Unicode char U+0454 (decimal 1108)
   defining Unicode char U+0455 (decimal 1109)
   defining Unicode char U+0456 (decimal 1110)
   defining Unicode char U+0457 (decimal 1111)
   defining Unicode char U+0458 (decimal 1112)
   defining Unicode char U+0459 (decimal 1113)
   defining Unicode char U+045A (decimal 1114)
   defining Unicode char U+045B (decimal 1115)
   defining Unicode char U+045C (decimal 1116)
   defining Unicode char U+045D (decimal 1117)
   defining Unicode char U+045E (decimal 1118)
   defining Unicode char U+045F (decimal 1119)
   defining Unicode char U+0490 (decimal 1168)
   defining Unicode char U+0491 (decimal 1169)
   defining Unicode char U+0492 (decimal 1170)
   defining Unicode char U+0493 (decimal 1171)
   defining Unicode char U+0496 (decimal 1174)
   defining Unicode char U+0497 (decimal 1175)
   defining Unicode char U+0498 (decimal 1176)
   defining Unicode char U+0499 (decimal 1177)
   defining Unicode char U+049A (decimal 1178)
   defining Unicode char U+049B (decimal 1179)
   defining Unicode char U+049C (decimal 1180)
   defining Unicode char U+049D (decimal 1181)
   defining Unicode char U+04A0 (decimal 1184)
   defining Unicode char U+04A1 (decimal 1185)
   defining Unicode char U+04A2 (decimal 1186)
   defining Unicode char U+04A3 (decimal 1187)
   defining Unicode char U+04A4 (decimal 1188)
   defining Unicode char U+04A5 (decimal 1189)
   defining Unicode char U+04AA (decimal 1194)
   defining Unicode char U+04AB (decimal 1195)
   defining Unicode char U+04AE (decimal 1198)
   defining Unicode char U+04AF (decimal 1199)
   defining Unicode char U+04B0 (decimal 1200)
   defining Unicode char U+04B1 (decimal 1201)
   defining Unicode char U+04B2 (decimal 1202)
   defining Unicode char U+04B3 (decimal 1203)
   defining Unicode char U+04B6 (decimal 1206)
   defining Unicode char U+04B7 (decimal 1207)
   defining Unicode char U+04B8 (decimal 1208)
   defining Unicode char U+04B9 (decimal 1209)
   defining Unicode char U+04BA (decimal 1210)
   defining Unicode char U+04BB (decimal 1211)
   defining Unicode char U+04C0 (decimal 1216)
   defining Unicode char U+04C1 (decimal 1217)
   defining Unicode char U+04C2 (decimal 1218)
   defining Unicode char U+04D0 (decimal 1232)
   defining Unicode char U+04D1 (decimal 1233)
   defining Unicode char U+04D2 (decimal 1234)
   defining Unicode char U+04D3 (decimal 1235)
   defining Unicode char U+04D4 (decimal 1236)
   defining Unicode char U+04D5 (decimal 1237)
   defining Unicode char U+04D6 (decimal 1238)
   defining Unicode char U+04D7 (decimal 1239)
   defining Unicode char U+04D8 (decimal 1240)
   defining Unicode char U+04D9 (decimal 1241)
   defining Unicode char U+04DA (decimal 1242)
   defining Unicode char U+04DB (decimal 1243)
   defining Unicode char U+04DC (decimal 1244)
   defining Unicode char U+04DD (decimal 1245)
   defining Unicode char U+04DE (decimal 1246)
   defining Unicode char U+04DF (decimal 1247)
   defining Unicode char U+04E2 (decimal 1250)
   defining Unicode char U+04E3 (decimal 1251)
   defining Unicode char U+04E4 (decimal 1252)
   defining Unicode char U+04E5 (decimal 1253)
   defining Unicode char U+04E6 (decimal 1254)
   defining Unicode char U+04E7 (decimal 1255)
   defining Unicode char U+04E8 (decimal 1256)
   defining Unicode char U+04E9 (decimal 1257)
   defining Unicode char U+04EC (decimal 1260)
   defining Unicode char U+04ED (decimal 1261)
   defining Unicode char U+04EE (decimal 1262)
   defining Unicode char U+04EF (decimal 1263)
   defining Unicode char U+04F0 (decimal 1264)
   defining Unicode char U+04F1 (decimal 1265)
   defining Unicode char U+04F2 (decimal 1266)
   defining Unicode char U+04F3 (decimal 1267)
   defining Unicode char U+04F4 (decimal 1268)
   defining Unicode char U+04F5 (decimal 1269)
   defining Unicode char U+04F8 (decimal 1272)
   defining Unicode char U+04F9 (decimal 1273)
   defining Unicode char U+200C (decimal 8204)
   defining Unicode char U+2013 (decimal 8211)
   defining Unicode char U+2014 (decimal 8212)
   defining Unicode char U+2018 (decimal 8216)
   defining Unicode char U+2019 (decimal 8217)
   defining Unicode char U+201C (decimal 8220)
   defining Unicode char U+201D (decimal 8221)
   defining Unicode char U+201E (decimal 8222)
   defining Unicode char U+2030 (decimal 8240)
   defining Unicode char U+2031 (decimal 8241)
   defining Unicode char U+2116 (decimal 8470)
   defining Unicode char U+2329 (decimal 9001)
   defining Unicode char U+232A (decimal 9002)
   defining Unicode char U+2423 (decimal 9251)
)
   defining Unicode char U+00A9 (decimal 169)
   defining Unicode char U+00AA (decimal 170)
   defining Unicode char U+00AE (decimal 174)
   defining Unicode char U+00BA (decimal 186)
   defining Unicode char U+02C6 (decimal 710)
   defining Unicode char U+02DC (decimal 732)
   defining Unicode char U+200C (decimal 8204)
   defining Unicode char U+2026 (decimal 8230)
   defining Unicode char U+2122 (decimal 8482)
   defining Unicode char U+2423 (decimal 9251)
))
(/usr/share/texlive/texmf-dist/tex/generic/babel/babel.sty
Package: babel 2018/02/14 3.18 The Babel package

(/usr/share/texlive/texmf-dist/tex/generic/babel/switch.def
File: switch.def 2018/02/14 3.18 Babel switching mechanism
)
(/usr/share/texlive/texmf-dist/tex/generic/babel-russian/russianb.ldf
Language: russian 2017/08/12 1.3j Russian support for the Babel system

(/usr/share/texlive/texmf-dist/tex/generic/babel/babel.def
File: babel.def 2018/02/14 3.18 Babel common definitions
\babel@savecnt=\count91
\U@D=\dimen112

(/usr/share/texlive/texmf-dist/tex/generic/babel/txtbabel.def)
\bbl@dirlevel=\count92
)
Package babel Info: Making " an active character on input line 120.
Package babel Info: Default for \cyrdash is provided on input line 157.
))
(/usr/share/texlive/texmf-dist/tex/latex/cmap/cmap.sty
Package: cmap 2008/03/06 v1.0h CMap support: searchable PDF


Package cmap Warning: fontenc already loaded - some fonts may be unprocessed.

) (/usr/share/texlive/texmf-dist/tex/latex/amsmath/amsmath.sty
Package: amsmath 2017/09/02 v2.17a AMS math features
\@mathmargin=\skip43

For additional information on amsmath, use the `?' option.
(/usr/share/texlive/texmf-dist/tex/latex/amsmath/amstext.sty
Package: amstext 2000/06/29 v2.01 AMS text

(/usr/share/texlive/texmf-dist/tex/latex/amsmath/amsgen.sty
File: amsgen.sty 1999/11/30 v2.0 generic functions
\@emptytoks=\toks18
\ex@=\dimen113
))
(/usr/share/texlive/texmf-dist/tex/latex/amsmath/amsbsy.sty
Package: amsbsy 1999/11/29 v1.2d Bold Symbols
\pmbraise@=\dimen114
)
(/usr/share/texlive/texmf-dist/tex/latex/amsmath/amsopn.sty
Package: amsopn 2016/03/08 v2.02 operator names
)
\inf@bad=\count93
LaTeX Info: Redefining \frac on input line 213.
\uproot@=\count94
\leftroot@=\count95
LaTeX Info: Redefining \overline on input line 375.
\classnum@=\count96
\DOTSCASE@=\count97
LaTeX Info: Redefining \ldots on input line 472.
LaTeX Info: Redefining \dots on input line 475.
LaTeX Info: Redefining \cdots on input line 596.
\Mathstrutbox@=\box26
\strutbox@=\box27
\big@size=\dimen115
LaTeX Font Info:    Redeclaring font encoding OML on input line 712.
LaTeX Font Info:    Redeclaring font encoding OMS on input line 713.
\macc@depth=\count98
\c@MaxMatrixCols=\count99
\dotsspace@=\muskip10
\c@parentequation=\count100
\dspbrk@lvl=\count101
\tag@help=\toks19
\row@=\count102
\column@=\count103
\maxfields@=\count104
\andhelp@=\toks20
\eqnshift@=\dimen116
\alignsep@=\dimen117
\tagshift@=\dimen118
\tagwidth@=\dimen119
\totwidth@=\dimen120
\lineht@=\dimen121
\@envbody=\toks21
\multlinegap=\skip44
\multlinetaggap=\skip45
\mathdisplay@stack=\toks22
LaTeX Info: Redefining \[ on input line 2817.
LaTeX Info: Redefining \] on input line 2818.
)
(/usr/share/texlive/texmf-dist/tex/latex/amsfonts/amsfonts.sty
Package: amsfonts 2013/01/14 v3.01 Basic AMSFonts support
\symAMSa=\mathgroup4
\symAMSb=\mathgroup5
LaTeX Font Info:    Overwriting math alphabet `\mathfrak' in version `bold'
(Font)                  U/euf/m/n --> U/euf/b/n on input line 106.
)
(/usr/share/texlive/texmf-dist/tex/latex/amsfonts/amssymb.sty
Package: amssymb 2013/01/14 v3.01 AMS font symbols
)
(/usr/share/texlive/texmf-dist/tex/latex/hyperref/hyperref.sty
Package: hyperref 2018/02/06 v6.86b Hypertext links for LaTeX

(/usr/share/texlive/texmf-dist/tex/generic/oberdiek/hobsub-hyperref.sty
Package: hobsub-hyperref 2016/05/16 v1.14 Bundle oberdiek, subset hyperref (HO)


(/usr/share/texlive/texmf-dist/tex/generic/oberdiek/hobsub-generic.sty
Package: hobsub-generic 2016/05/16 v1.14 Bundle oberdiek, subset generic (HO)
Package: hobsub 2016/05/16 v1.14 Construct package bundles (HO)
Package: infwarerr 2016/05/16 v1.4 Providing info/warning/error messages (HO)
Package: ltxcmds 2016/05/16 v1.23 LaTeX kernel commands for general use (HO)
Package: ifluatex 2016/05/16 v1.4 Provides the ifluatex switch (HO)
Package ifluatex Info: LuaTeX not detected.
Package hobsub Info: Skipping package `ifvtex' (already loaded).
Package: intcalc 2016/05/16 v1.2 Expandable calculations with integers (HO)
Package hobsub Info: Skipping package `ifpdf' (already loaded).
Package: etexcmds 2016/05/16 v1.6 Avoid name clashes with e-TeX commands (HO)
Package etexcmds Info: Could not find \expanded.
(etexcmds)             That can mean that you are not using pdfTeX 1.50 or
(etexcmds)             that some package has redefined \expanded.
(etexcmds)             In the latter case, load this package earlier.
Package: kvsetkeys 2016/05/16 v1.17 Key value parser (HO)
Package: kvdefinekeys 2016/05/16 v1.4 Define keys (HO)
Package: pdftexcmds 2018/01/21 v0.26 Utility functions of pdfTeX for LuaTeX (HO
)
Package pdftexcmds Info: LuaTeX not detected.
Package pdftexcmds Info: \pdf@primitive is available.
Package pdftexcmds Info: \pdf@ifprimitive is available.
Package pdftexcmds Info: \pdfdraftmode found.
Package: pdfescape 2016/05/16 v1.14 Implements pdfTeX's escape features (HO)
Package: bigintcalc 2016/05/16 v1.4 Expandable calculations on big integers (HO
)
Package: bitset 2016/05/16 v1.2 Handle bit-vector datatype (HO)
Package: uniquecounter 2016/05/16 v1.3 Provide unlimited unique counter (HO)
)
Package hobsub Info: Skipping package `hobsub' (already loaded).
Package: letltxmacro 2016/05/16 v1.5 Let assignment for LaTeX macros (HO)
Package: hopatch 2016/05/16 v1.3 Wrapper for package hooks (HO)
Package: xcolor-patch 2016/05/16 xcolor patch
Package: atveryend 2016/05/16 v1.9 Hooks at the very end of document (HO)
Package atveryend Info: \enddocument detected (standard20110627).
Package: atbegshi 2016/06/09 v1.18 At begin shipout hook (HO)
Package: refcount 2016/05/16 v3.5 Data extraction from label references (HO)
Package: hycolor 2016/05/16 v1.8 Color options for hyperref/bookmark (HO)
)
(/usr/share/texlive/texmf-dist/tex/latex/oberdiek/auxhook.sty
Package: auxhook 2016/05/16 v1.4 Hooks for auxiliary files (HO)
)
(/usr/share/texlive/texmf-dist/tex/latex/oberdiek/kvoptions.sty
Package: kvoptions 2016/05/16 v3.12 Key value format for package options (HO)
)
\@linkdim=\dimen122
\Hy@linkcounter=\count105
\Hy@pagecounter=\count106

(/usr/share/texlive/texmf-dist/tex/latex/hyperref/pd1enc.def
File: pd1enc.def 2018/02/06 v6.86b Hyperref: PDFDocEncoding definition (HO)
Now handling font encoding PD1 ...
... no UTF-8 mapping file for font encoding PD1
)
\Hy@SavedSpaceFactor=\count107
Package hyperref Info: Option `unicode' set `true' on input line 3456.

(/usr/share/texlive/texmf-dist/tex/latex/hyperref/puenc.def
File: puenc.def 2018/02/06 v6.86b Hyperref: PDF Unicode definition (HO)
Now handling font encoding PU ...
... no UTF-8 mapping file for font encoding PU
)
(/usr/share/texlive/texmf-dist/tex/latex/latexconfig/hyperref.cfg
File: hyperref.cfg 2002/06/06 v1.2 hyperref configuration of TeXLive
)
Package hyperref Info: Hyper figures OFF on input line 4509.
Package hyperref Info: Link nesting OFF on input line 4514.
Package hyperref Info: Hyper index ON on input line 4517.
Package hyperref Info: Plain pages OFF on input line 4524.
Package hyperref Info: Backreferencing OFF on input line 4529.
Package hyperref Info: Implicit mode ON; LaTeX internals redefined.
Package hyperref Info: Bookmarks ON on input line 4762.
\c@Hy@tempcnt=\count108

(/usr/share/texlive/texmf-dist/tex/latex/url/url.sty
\Urlmuskip=\muskip11
Package: url 2013/09/16  ver 3.4  Verb mode for urls, etc.
)
LaTeX Info: Redefining \url on input line 5115.
\XeTeXLinkMargin=\dimen123
\Fld@menulength=\count109
\Field@Width=\dimen124
\Fld@charsize=\dimen125
Package hyperref Info: Hyper figures OFF on input line 6369.
Package hyperref Info: Link nesting OFF on input line 6374.
Package hyperref Info: Hyper index ON on input line 6377.
Package hyperref Info: backreferencing OFF on input line 6384.
Package hyperref Info: Link coloring OFF on input line 6389.
Package hyperref Info: Link coloring with OCG OFF on input line 6394.
Package hyperref Info: PDF/A mode OFF on input line 6399.
LaTeX Info: Redefining \ref on input line 6439.
LaTeX Info: Redefining \pageref on input line 6443.
\Hy@abspage=\count110
\c@Item=\count111
\c@Hfootnote=\count112
)
Package hyperref Info: Driver (autodetected): hpdftex.

(/usr/share/texlive/texmf-dist/tex/latex/hyperref/hpdftex.def
File: hpdftex.def 2018/02/06 v6.86b Hyperref driver for pdfTeX
\Fld@listcount=\count113
\c@bookmark@seq@number=\count114

(/usr/share/texlive/texmf-dist/tex/latex/oberdiek/rerunfilecheck.sty
Package: rerunfilecheck 2016/05/16 v1.8 Rerun checks for auxiliary files (HO)
Package uniquecounter Info: New unique counter `rerunfilecheck' on input line 2
82.
)
\Hy@SectionHShift=\skip46
)
(/usr/share/texlive/texmf-dist/tex/latex/oberdiek/stackrel.sty
Package: stackrel 2016/05/16 v1.3 Adding subscript option to stackrel (HO)
)
(/usr/share/texlive/texmf-dist/tex/latex/graphics/graphicx.sty
Package: graphicx 2017/06/01 v1.1a Enhanced LaTeX Graphics (DPC,SPQR)

(/usr/share/texlive/texmf-dist/tex/latex/graphics/graphics.sty
Package: graphics 2017/06/25 v1.2c Standard LaTeX Graphics (DPC,SPQR)

(/usr/share/texlive/texmf-dist/tex/latex/graphics/trig.sty
Package: trig 2016/01/03 v1.10 sin cos tan (DPC)
)
(/usr/share/texlive/texmf-dist/tex/latex/graphics-cfg/graphics.cfg
File: graphics.cfg 2016/06/04 v1.11 sample graphics configuration
)
Package graphics Info: Driver file: pdftex.def on input line 99.

(/usr/share/texlive/texmf-dist/tex/latex/graphics-def/pdftex.def
File: pdftex.def 2018/01/08 v1.0l Graphics/color driver for pdftex
))
\Gin@req@height=\dimen126
\Gin@req@width=\dimen127
)
(/usr/share/texlive/texmf-dist/tex/latex/tools/indentfirst.sty
Package: indentfirst 1995/11/23 v1.03 Indent first paragraph (DPC)
))
(/usr/share/texlive/texmf-dist/tex/latex/setspace/setspace.sty
Package: setspace 2011/12/19 v6.7a set line spacing
) (./diploma.aux)
\openout1 = `diploma.aux'.

LaTeX Font Info:    Checking defaults for OML/cmm/m/it on input line 3.
LaTeX Font Info:    ... okay on input line 3.
LaTeX Font Info:    Checking defaults for T1/cmr/m/n on input line 3.
LaTeX Font Info:    ... okay on input line 3.
LaTeX Font Info:    Checking defaults for OT1/cmr/m/n on input line 3.
LaTeX Font Info:    ... okay on input line 3.
LaTeX Font Info:    Checking defaults for OMS/cmsy/m/n on input line 3.
LaTeX Font Info:    ... okay on input line 3.
LaTeX Font Info:    Checking defaults for OMX/cmex/m/n on input line 3.
LaTeX Font Info:    ... okay on input line 3.
LaTeX Font Info:    Checking defaults for U/cmr/m/n on input line 3.
LaTeX Font Info:    ... okay on input line 3.
LaTeX Font Info:    Checking defaults for T2A/cmr/m/n on input line 3.
LaTeX Font Info:    ... okay on input line 3.
LaTeX Font Info:    Checking defaults for PD1/pdf/m/n on input line 3.
LaTeX Font Info:    ... okay on input line 3.
LaTeX Font Info:    Checking defaults for PU/pdf/m/n on input line 3.
LaTeX Font Info:    ... okay on input line 3.
LaTeX Font Info:    Try loading font information for T2A+lmr on input line 3.
LaTeX Font Info:    No file T2Almr.fd. on input line 3.

LaTeX Font Warning: Font shape `T2A/lmr/m/n' undefined
(Font)              using `T2A/cmr/m/n' instead on input line 3.

*geometry* driver: auto-detecting
*geometry* detected driver: pdftex
*geometry* verbose mode - [ preamble ] result:
* driver: pdftex
* paper: a4paper
* layout: <same size as paper>
* layoutoffset:(h,v)=(0.0pt,0.0pt)
* modes: 
* h-part:(L,W,R)=(56.9055pt, 497.92325pt, 42.67912pt)
* v-part:(T,H,B)=(42.67912pt, 731.23584pt, 71.13188pt)
* \paperwidth=597.50787pt
* \paperheight=845.04684pt
* \textwidth=497.92325pt
* \textheight=731.23584pt
* \oddsidemargin=-15.36449pt
* \evensidemargin=-15.36449pt
* \topmargin=-68.59087pt
* \headheight=14.0pt
* \headsep=25.0pt
* \topskip=14.0pt
* \footskip=30.0pt
* \marginparwidth=15.0pt
* \marginparsep=10.0pt
* \columnsep=10.0pt
* \skip\footins=12.0pt plus 4.0pt minus 2.0pt
* \hoffset=0.0pt
* \voffset=0.0pt
* \mag=1000
* \@twocolumnfalse
* \@twosidefalse
* \@mparswitchfalse
* \@reversemarginfalse
* (1in=72.27pt=25.4mm, 1cm=28.453pt)

<<t2a.cmap>>
\AtBeginShipoutBox=\box28
Package hyperref Info: Link coloring OFF on input line 3.
 (/usr/share/texlive/texmf-dist/tex/latex/hyperref/nameref.sty
Package: nameref 2016/05/21 v2.44 Cross-referencing by name of section

(/usr/share/texlive/texmf-dist/tex/generic/oberdiek/gettitlestring.sty
Package: gettitlestring 2016/05/16 v1.5 Cleanup title references (HO)
)
\c@section@level=\count115
)
LaTeX Info: Redefining \ref on input line 3.
LaTeX Info: Redefining \pageref on input line 3.
LaTeX Info: Redefining \nameref on input line 3.

(./diploma.out) (./diploma.out)
\@outlinefile=\write3
\openout3 = `diploma.out'.


(/usr/share/texlive/texmf-dist/tex/context/base/mkii/supp-pdf.mkii
[Loading MPS to PDF converter (version 2006.09.02).]
\scratchcounter=\count116
\scratchdimen=\dimen128
\scratchbox=\box29
\nofMPsegments=\count117
\nofMParguments=\count118
\everyMPshowfont=\toks23
\MPscratchCnt=\count119
\MPscratchDim=\dimen129
\MPnumerator=\count120
\makeMPintoPDFobject=\count121
\everyMPtoPDFconversion=\toks24
) (/usr/share/texlive/texmf-dist/tex/latex/oberdiek/epstopdf-base.sty
Package: epstopdf-base 2016/05/15 v2.6 Base part for package epstopdf

(/usr/share/texlive/texmf-dist/tex/latex/oberdiek/grfext.sty
Package: grfext 2016/05/16 v1.2 Manage graphics extensions (HO)
)
Package epstopdf-base Info: Redefining graphics rule for `.eps' on input line 4
38.
Package grfext Info: Graphics extension search list:
(grfext)             [.pdf,.png,.jpg,.mps,.jpeg,.jbig2,.jb2,.PDF,.PNG,.JPG,.JPE
G,.JBIG2,.JB2,.eps]
(grfext)             \AppendGraphicsExtensions on input line 456.

(/usr/share/texlive/texmf-dist/tex/latex/latexconfig/epstopdf-sys.cfg
File: epstopdf-sys.cfg 2010/07/13 v1.3 Configuration of (r)epstopdf for TeX Liv
e
))

LaTeX Font Warning: Font shape `T2A/lmr/bx/n' undefined
(Font)              using `T2A/lmr/m/n' instead on input line 16.

Package babel Info: Redefining russian shorthand "|
(babel)             in language append on input line 39.
Package babel Info: Redefining russian shorthand "~
(babel)             in language append on input line 39.
Package babel Info: Redefining russian shorthand "|
(babel)             in language append on input line 39.
Package babel Info: Redefining russian shorthand "~
(babel)             in language append on input line 39.
[1



{/var/lib/texmf/fonts/map/pdftex/updmap/pdftex.map}] (./diploma.toc
LaTeX Font Info:    Try loading font information for OT1+lmr on input line 1.

(/usr/share/texmf/tex/latex/lm/ot1lmr.fd
File: ot1lmr.fd 2009/10/30 v1.6 Font defs for Latin Modern
)<<ot1.cmap>>
LaTeX Font Info:    Try loading font information for OML+lmm on input line 2.

(/usr/share/texmf/tex/latex/lm/omllmm.fd
File: omllmm.fd 2009/10/30 v1.6 Font defs for Latin Modern
)
LaTeX Font Info:    Try loading font information for OMS+lmsy on input line 2.

(/usr/share/texmf/tex/latex/lm/omslmsy.fd
File: omslmsy.fd 2009/10/30 v1.6 Font defs for Latin Modern
)
LaTeX Font Info:    Try loading font information for OMX+lmex on input line 2.

(/usr/share/texmf/tex/latex/lm/omxlmex.fd
File: omxlmex.fd 2009/10/30 v1.6 Font defs for Latin Modern
)
LaTeX Font Info:    External font `lmex10' loaded for size
(Font)              <14.4> on input line 2.
LaTeX Font Info:    External font `lmex10' loaded for size
(Font)              <10> on input line 2.
LaTeX Font Info:    External font `lmex10' loaded for size
(Font)              <7> on input line 2.
LaTeX Font Info:    Try loading font information for U+msa on input line 2.

(/usr/share/texlive/texmf-dist/tex/latex/amsfonts/umsa.fd
File: umsa.fd 2013/01/14 v3.01 AMS symbols A
)
LaTeX Font Info:    Try loading font information for U+msb on input line 2.

(/usr/share/texlive/texmf-dist/tex/latex/amsfonts/umsb.fd
File: umsb.fd 2013/01/14 v3.01 AMS symbols B
)
Package babel Info: Redefining russian shorthand "|
(babel)             in language append on input line 25.
Package babel Info: Redefining russian shorthand "~
(babel)             in language append on input line 25.
Package babel Info: Redefining russian shorthand "|
(babel)             in language append on input line 25.
Package babel Info: Redefining russian shorthand "~
(babel)             in language append on input line 25.
 [2

])
\tf@toc=\write4
\openout4 = `diploma.toc'.

Package babel Info: Redefining russian shorthand "|
(babel)             in language append on input line 43.
Package babel Info: Redefining russian shorthand "~
(babel)             in language append on input line 43.
Package babel Info: Redefining russian shorthand "|
(babel)             in language append on input line 43.
Package babel Info: Redefining russian shorthand "~
(babel)             in language append on input line 43.
 [3]
Overfull \hbox (15.48523pt too wide) in paragraph at lines 45--46
[]\T2A/lmr/bx/n/14.4 Ключевые сло-ва: t-SNE, Barnes-Hut optimization, Fruchterm
an Reingold, WebGL
 []

Package babel Info: Redefining russian shorthand "|
(babel)             in language append on input line 49.
Package babel Info: Redefining russian shorthand "~
(babel)             in language append on input line 49.
LaTeX Font Info:    Try loading font information for T2A+lmtt on input line 63.

LaTeX Font Info:    No file T2Almtt.fd. on input line 63.

LaTeX Font Warning: Font shape `T2A/lmtt/m/n' undefined
(Font)              using `T2A/cmr/m/n' instead on input line 63.


Underfull \hbox (badness 10000) in paragraph at lines 59--70

 []


Underfull \hbox (badness 10000) in paragraph at lines 59--70

 []


Underfull \hbox (badness 10000) in paragraph at lines 59--70

 []


Underfull \hbox (badness 10000) in paragraph at lines 59--70

 []

Package babel Info: Redefining russian shorthand "|
(babel)             in language append on input line 70.
Package babel Info: Redefining russian shorthand "~
(babel)             in language append on input line 70.
Package babel Info: Redefining russian shorthand "|
(babel)             in language append on input line 70.
Package babel Info: Redefining russian shorthand "~
(babel)             in language append on input line 70.
[4]
Package babel Info: Redefining russian shorthand "|
(babel)             in language append on input line 73.
Package babel Info: Redefining russian shorthand "~
(babel)             in language append on input line 73.
Package babel Info: Redefining russian shorthand "|
(babel)             in language append on input line 80.
Package babel Info: Redefining russian shorthand "~
(babel)             in language append on input line 80.
Package babel Info: Redefining russian shorthand "|
(babel)             in language append on input line 80.
Package babel Info: Redefining russian shorthand "~
(babel)             in language append on input line 80.
 [5]
Package babel Info: Redefining russian shorthand "|
(babel)             in language append on input line 97.
Package babel Info: Redefining russian shorthand "~
(babel)             in language append on input line 97.
Package babel Info: Redefining russian shorthand "|
(babel)             in language append on input line 97.
Package babel Info: Redefining russian shorthand "~
(babel)             in language append on input line 97.
 [6]
{\cyrillictext \CYRG \cyrl \cyra \cyrv \cyra } 1.
Package babel Info: Redefining russian shorthand "|
(babel)             in language append on input line 97.
Package babel Info: Redefining russian shorthand "~
(babel)             in language append on input line 97.
Package babel Info: Redefining russian shorthand "|
(babel)             in language append on input line 99.
Package babel Info: Redefining russian shorthand "~
(babel)             in language append on input line 99.
LaTeX Font Info:    Try loading font information for OMS+lmr on input line 106.

(/usr/share/texmf/tex/latex/lm/omslmr.fd
File: omslmr.fd 2009/10/30 v1.6 Font defs for Latin Modern
)
LaTeX Font Info:    Font shape `OMS/lmr/m/n' in size <14.4> not available
(Font)              Font shape `OMS/lmsy/m/n' tried instead on input line 106.

Overfull \hbox (0.89209pt too wide) in paragraph at lines 109--110
[]\T2A/lmtt/m/n/14.4 Непрерывное по-пол-не-ние дан-ных из раз-лич-ных ис-точ-ни
-ков вклю-чая плат-
 []

Package babel Info: Redefining russian shorthand "|
(babel)             in language append on input line 110.
Package babel Info: Redefining russian shorthand "~
(babel)             in language append on input line 110.
Package babel Info: Redefining russian shorthand "|
(babel)             in language append on input line 110.
Package babel Info: Redefining russian shorthand "~
(babel)             in language append on input line 110.
[7

]
Package babel Info: Redefining russian shorthand "|
(babel)             in language append on input line 114.
Package babel Info: Redefining russian shorthand "~
(babel)             in language append on input line 114.


LaTeX Font Warning: Font shape `T2A/lmr/m/it' undefined
(Font)              using `T2A/lmr/m/n' instead on input line 121.


Overfull \hbox (16.87697pt too wide) in paragraph at lines 127--128
[]\T2A/lmtt/m/n/14.4 Также для раз-лич-ных вы-бо-рок до-ку-мен-тов бы-ли до-сту
п-ны обу-чен-ные word2vec
 []

Package babel Info: Redefining russian shorthand "|
(babel)             in language append on input line 129.
Package babel Info: Redefining russian shorthand "~
(babel)             in language append on input line 129.
Package babel Info: Redefining russian shorthand "|
(babel)             in language append on input line 133.
Package babel Info: Redefining russian shorthand "~
(babel)             in language append on input line 133.
Package babel Info: Redefining russian shorthand "|
(babel)             in language append on input line 133.
Package babel Info: Redefining russian shorthand "~
(babel)             in language append on input line 133.
[8]
Package babel Info: Redefining russian shorthand "|
(babel)             in language append on input line 163.
Package babel Info: Redefining russian shorthand "~
(babel)             in language append on input line 163.
Package babel Info: Redefining russian shorthand "|
(babel)             in language append on input line 163.
Package babel Info: Redefining russian shorthand "~
(babel)             in language append on input line 163.
 [9]
Overfull \hbox (2.7755pt too wide) in paragraph at lines 177--178
[]\T2A/lmtt/m/n/14.4 Просмотр дву-мер-но-го гра-фа сов-стре-ча-е-мо-сти или се-
ман-ти-че-ской кар-
 []

Package babel Info: Redefining russian shorthand "|
(babel)             in language append on input line 189.
Package babel Info: Redefining russian shorthand "~
(babel)             in language append on input line 189.
Package babel Info: Redefining russian shorthand "|
(babel)             in language append on input line 192.
Package babel Info: Redefining russian shorthand "~
(babel)             in language append on input line 192.
Package babel Info: Redefining russian shorthand "|
(babel)             in language append on input line 192.
Package babel Info: Redefining russian shorthand "~
(babel)             in language append on input line 192.
[10]
Package babel Info: Redefining russian shorthand "|
(babel)             in language append on input line 197.
Package babel Info: Redefining russian shorthand "~
(babel)             in language append on input line 197.
Package babel Info: Redefining russian shorthand "|
(babel)             in language append on input line 207.
Package babel Info: Redefining russian shorthand "~
(babel)             in language append on input line 207.
Package babel Info: Redefining russian shorthand "|
(babel)             in language append on input line 207.
Package babel Info: Redefining russian shorthand "~
(babel)             in language append on input line 207.
 [11]
Overfull \hbox (3.5626pt too wide) in paragraph at lines 209--210
[]\T2A/lmr/m/it/14.4 WebCL (2014) дол-жен был предо-ста-вить воз-мож-ность вы-п
ол-не-ния OpenCL
 []

Package babel Info: Redefining russian shorthand "|
(babel)             in language append on input line 215.
Package babel Info: Redefining russian shorthand "~
(babel)             in language append on input line 215.
Package babel Info: Redefining russian shorthand "|
(babel)             in language append on input line 215.
Package babel Info: Redefining russian shorthand "~
(babel)             in language append on input line 215.
[12]
Package babel Info: Redefining russian shorthand "|
(babel)             in language append on input line 216.
Package babel Info: Redefining russian shorthand "~
(babel)             in language append on input line 216.
Package babel Info: Redefining russian shorthand "|
(babel)             in language append on input line 220.
Package babel Info: Redefining russian shorthand "~
(babel)             in language append on input line 220.
Package babel Info: Redefining russian shorthand "|
(babel)             in language append on input line 234.
Package babel Info: Redefining russian shorthand "~
(babel)             in language append on input line 234.
Package babel Info: Redefining russian shorthand "|
(babel)             in language append on input line 234.
Package babel Info: Redefining russian shorthand "~
(babel)             in language append on input line 234.
 [13]
Package babel Info: Redefining russian shorthand "|
(babel)             in language append on input line 244.
Package babel Info: Redefining russian shorthand "~
(babel)             in language append on input line 244.
Package babel Info: Redefining russian shorthand "|
(babel)             in language append on input line 244.
Package babel Info: Redefining russian shorthand "~
(babel)             in language append on input line 244.
 [14]
{\cyrillictext \CYRG \cyrl \cyra \cyrv \cyra } 2.
Package babel Info: Redefining russian shorthand "|
(babel)             in language append on input line 244.
Package babel Info: Redefining russian shorthand "~
(babel)             in language append on input line 244.

Overfull \hbox (6.72194pt too wide) in paragraph at lines 248--249
\T2A/lmr/m/it/14.4 ни од-на из них не ис-поль-зу-ет GPU. Бы-ло неожи-дан-но об-
на-ру-жить, что Tensorflow
 []

Package babel Info: Redefining russian shorthand "|
(babel)             in language append on input line 254.
Package babel Info: Redefining russian shorthand "~
(babel)             in language append on input line 254.
Package babel Info: Redefining russian shorthand "|
(babel)             in language append on input line 260.
Package babel Info: Redefining russian shorthand "~
(babel)             in language append on input line 260.
Package babel Info: Redefining russian shorthand "|
(babel)             in language append on input line 260.
Package babel Info: Redefining russian shorthand "~
(babel)             in language append on input line 260.
[15

]
Package babel Info: Redefining russian shorthand "|
(babel)             in language append on input line 269.
Package babel Info: Redefining russian shorthand "~
(babel)             in language append on input line 269.
Package babel Info: Redefining russian shorthand "|
(babel)             in language append on input line 272.
Package babel Info: Redefining russian shorthand "~
(babel)             in language append on input line 272.
Package babel Info: Redefining russian shorthand "|
(babel)             in language append on input line 272.
Package babel Info: Redefining russian shorthand "~
(babel)             in language append on input line 272.
 [16]
Overfull \hbox (6.13684pt too wide) in paragraph at lines 279--279
[]\T2A/lmr/bx/n/20.74 Ограничения на цик-лы и усло-вия в шей-де-рах WebGL 
 []

Package babel Info: Redefining russian shorthand "|
(babel)             in language append on input line 279.
Package babel Info: Redefining russian shorthand "~
(babel)             in language append on input line 279.
Package babel Info: Redefining russian shorthand "|
(babel)             in language append on input line 283.
Package babel Info: Redefining russian shorthand "~
(babel)             in language append on input line 283.
Package babel Info: Redefining russian shorthand "|
(babel)             in language append on input line 283.
Package babel Info: Redefining russian shorthand "~
(babel)             in language append on input line 283.
[17]
Package babel Info: Redefining russian shorthand "|
(babel)             in language append on input line 291.
Package babel Info: Redefining russian shorthand "~
(babel)             in language append on input line 291.
Package babel Info: Redefining russian shorthand "|
(babel)             in language append on input line 296.
Package babel Info: Redefining russian shorthand "~
(babel)             in language append on input line 296.
Package babel Info: Redefining russian shorthand "|
(babel)             in language append on input line 296.
Package babel Info: Redefining russian shorthand "~
(babel)             in language append on input line 296.
 [18]
Package babel Info: Redefining russian shorthand "|
(babel)             in language append on input line 305.
Package babel Info: Redefining russian shorthand "~
(babel)             in language append on input line 305.
Package babel Info: Redefining russian shorthand "|
(babel)             in language append on input line 316.
Package babel Info: Redefining russian shorthand "~
(babel)             in language append on input line 316.
Package babel Info: Redefining russian shorthand "|
(babel)             in language append on input line 316.
Package babel Info: Redefining russian shorthand "~
(babel)             in language append on input line 316.
 [19]
Package babel Info: Redefining russian shorthand "|
(babel)             in language append on input line 331.
Package babel Info: Redefining russian shorthand "~
(babel)             in language append on input line 331.
Package babel Info: Redefining russian shorthand "|
(babel)             in language append on input line 338.
Package babel Info: Redefining russian shorthand "~
(babel)             in language append on input line 338.
Package babel Info: Redefining russian shorthand "|
(babel)             in language append on input line 338.
Package babel Info: Redefining russian shorthand "~
(babel)             in language append on input line 338.
 [20]
Overfull \hbox (6.54681pt too wide) in paragraph at lines 349--350
[]\T2A/lmr/m/it/14.4 Сила при-тя-же-ния, про-пор-ци-о-наль-ная $\OML/lmm/m/it/1
4.4 p[]q[]$\T2A/lmr/m/it/14.4 , ко-то-рая дей-ству-ет толь-ко меж-
 []

Package babel Info: Redefining russian shorthand "|
(babel)             in language append on input line 356.
Package babel Info: Redefining russian shorthand "~
(babel)             in language append on input line 356.
Package babel Info: Redefining russian shorthand "|
(babel)             in language append on input line 356.
Package babel Info: Redefining russian shorthand "~
(babel)             in language append on input line 356.
[21]
Package babel Info: Redefining russian shorthand "|
(babel)             in language append on input line 357.
Package babel Info: Redefining russian shorthand "~
(babel)             in language append on input line 357.
Package babel Info: Redefining russian shorthand "|
(babel)             in language append on input line 388.
Package babel Info: Redefining russian shorthand "~
(babel)             in language append on input line 388.
Package babel Info: Redefining russian shorthand "|
(babel)             in language append on input line 388.
Package babel Info: Redefining russian shorthand "~
(babel)             in language append on input line 388.
 [22]
Overfull \hbox (0.30444pt too wide) in paragraph at lines 393--394
[]\T2A/lmr/m/it/14.4 Для ал-го-рит-ма t-SNE тре-бу-ет-ся вы-чис-ле-ние нор-ми-р
у-ю-ще-го мно-жи-те-ля, рав-
 []

Package babel Info: Redefining russian shorthand "|
(babel)             in language append on input line 401.
Package babel Info: Redefining russian shorthand "~
(babel)             in language append on input line 401.
Package babel Info: Redefining russian shorthand "|
(babel)             in language append on input line 410.
Package babel Info: Redefining russian shorthand "~
(babel)             in language append on input line 410.
Package babel Info: Redefining russian shorthand "|
(babel)             in language append on input line 410.
Package babel Info: Redefining russian shorthand "~
(babel)             in language append on input line 410.
[23]
Package babel Info: Redefining russian shorthand "|
(babel)             in language append on input line 426.
Package babel Info: Redefining russian shorthand "~
(babel)             in language append on input line 426.

Overfull \hbox (7.59866pt too wide) in paragraph at lines 429--430
[]\T2A/lmr/m/it/14.4 В дан-ном раз-де-ле при-во-дит-ся псев-до-код ре-а-ли-за-ц
ии функ-ции calc_attractions
 []

Package babel Info: Redefining russian shorthand "|
(babel)             in language append on input line 431.
Package babel Info: Redefining russian shorthand "~
(babel)             in language append on input line 431.
Package babel Info: Redefining russian shorthand "|
(babel)             in language append on input line 431.
Package babel Info: Redefining russian shorthand "~
(babel)             in language append on input line 431.
[24]
Package babel Info: Redefining russian shorthand "|
(babel)             in language append on input line 464.
Package babel Info: Redefining russian shorthand "~
(babel)             in language append on input line 464.
Package babel Info: Redefining russian shorthand "|
(babel)             in language append on input line 464.
Package babel Info: Redefining russian shorthand "~
(babel)             in language append on input line 464.
 [25]
Package babel Info: Redefining russian shorthand "|
(babel)             in language append on input line 476.
Package babel Info: Redefining russian shorthand "~
(babel)             in language append on input line 476.
Package babel Info: Redefining russian shorthand "|
(babel)             in language append on input line 489.
Package babel Info: Redefining russian shorthand "~
(babel)             in language append on input line 489.
Package babel Info: Redefining russian shorthand "|
(babel)             in language append on input line 489.
Package babel Info: Redefining russian shorthand "~
(babel)             in language append on input line 489.
 [26]
Package babel Info: Redefining russian shorthand "|
(babel)             in language append on input line 503.
Package babel Info: Redefining russian shorthand "~
(babel)             in language append on input line 503.

Overfull \hbox (8.50247pt too wide) in paragraph at lines 511--512
[]\T2A/lmr/m/it/14.4 Поддержка как пря-мо-уголь-ных се-ток, так и раз-лич-ных д
ре-во-вид-ных иерар-
 []

Package babel Info: Redefining russian shorthand "|
(babel)             in language append on input line 517.
Package babel Info: Redefining russian shorthand "~
(babel)             in language append on input line 517.
Package babel Info: Redefining russian shorthand "|
(babel)             in language append on input line 517.
Package babel Info: Redefining russian shorthand "~
(babel)             in language append on input line 517.
[27]
Package babel Info: Redefining russian shorthand "|
(babel)             in language append on input line 533.
Package babel Info: Redefining russian shorthand "~
(babel)             in language append on input line 533.
Package babel Info: Redefining russian shorthand "|
(babel)             in language append on input line 533.
Package babel Info: Redefining russian shorthand "~
(babel)             in language append on input line 533.
 [28]
Package babel Info: Redefining russian shorthand "|
(babel)             in language append on input line 543.
Package babel Info: Redefining russian shorthand "~
(babel)             in language append on input line 543.
Package babel Info: Redefining russian shorthand "|
(babel)             in language append on input line 549.
Package babel Info: Redefining russian shorthand "~
(babel)             in language append on input line 549.
Package babel Info: Redefining russian shorthand "|
(babel)             in language append on input line 549.
Package babel Info: Redefining russian shorthand "~
(babel)             in language append on input line 549.
 [29]
Package babel Info: Redefining russian shorthand "|
(babel)             in language append on input line 562.
Package babel Info: Redefining russian shorthand "~
(babel)             in language append on input line 562.
<grid_step_2.png, id=393, 919.435pt x 334.24875pt>
File: grid_step_2.png Graphic file (type png)
<use grid_step_2.png>
Package pdftex.def Info: grid_step_2.png  used on input line 567.
(pdftex.def)             Requested size: 497.92325pt x 181.01695pt.
Package babel Info: Redefining russian shorthand "|
(babel)             in language append on input line 575.
Package babel Info: Redefining russian shorthand "~
(babel)             in language append on input line 575.
Package babel Info: Redefining russian shorthand "|
(babel)             in language append on input line 575.
Package babel Info: Redefining russian shorthand "~
(babel)             in language append on input line 575.
 [30]
Package babel Info: Redefining russian shorthand "|
(babel)             in language append on input line 583.
Package babel Info: Redefining russian shorthand "~
(babel)             in language append on input line 583.
Package babel Info: Redefining russian shorthand "|
(babel)             in language append on input line 583.
Package babel Info: Redefining russian shorthand "~
(babel)             in language append on input line 583.
 [31 <./grid_step_2.png>]
Package babel Info: Redefining russian shorthand "|
(babel)             in language append on input line 595.
Package babel Info: Redefining russian shorthand "~
(babel)             in language append on input line 595.
Package babel Info: Redefining russian shorthand "|
(babel)             in language append on input line 595.
Package babel Info: Redefining russian shorthand "~
(babel)             in language append on input line 595.
 [32]
Package babel Info: Redefining russian shorthand "|
(babel)             in language append on input line 596.
Package babel Info: Redefining russian shorthand "~
(babel)             in language append on input line 596.
Package babel Info: Redefining russian shorthand "|
(babel)             in language append on input line 669.
Package babel Info: Redefining russian shorthand "~
(babel)             in language append on input line 669.
Package babel Info: Redefining russian shorthand "|
(babel)             in language append on input line 669.
Package babel Info: Redefining russian shorthand "~
(babel)             in language append on input line 669.
 [33]
Package babel Info: Redefining russian shorthand "|
(babel)             in language append on input line 669.
Package babel Info: Redefining russian shorthand "~
(babel)             in language append on input line 669.
Package babel Info: Redefining russian shorthand "|
(babel)             in language append on input line 669.
Package babel Info: Redefining russian shorthand "~
(babel)             in language append on input line 669.
 [34]
Overfull \hbox (0.86664pt too wide) in paragraph at lines 671--672
[]\T2A/lmr/m/it/14.4 При вы-чис-ле-нии ло-каль-ных сил от-тал-ки-ва-ния рас-сто
-я-ние воз-во-дит-ся в квад-
 []


Overfull \hbox (5.55884pt too wide) in paragraph at lines 675--676
[]\T2A/lmr/m/it/14.4 Константа LOCAL_GRID_SIZE рав-на ша-гу сет-ки, вы-чис-лен-
но-му в преды-
 []

Package babel Info: Redefining russian shorthand "|
(babel)             in language append on input line 679.
Package babel Info: Redefining russian shorthand "~
(babel)             in language append on input line 679.
Package babel Info: Redefining russian shorthand "|
(babel)             in language append on input line 679.
Package babel Info: Redefining russian shorthand "~
(babel)             in language append on input line 679.
[35]
Overfull \hbox (21.32578pt too wide) in paragraph at lines 679--680
[]\T2A/lmr/m/it/14.4 Переменная norm_sum нуж-на для под-сче-та сумм норм в t-SN
E, в Fruchterman
 []

Package babel Info: Redefining russian shorthand "|
(babel)             in language append on input line 693.
Package babel Info: Redefining russian shorthand "~
(babel)             in language append on input line 693.
Package babel Info: Redefining russian shorthand "|
(babel)             in language append on input line 707.
Package babel Info: Redefining russian shorthand "~
(babel)             in language append on input line 707.
Package babel Info: Redefining russian shorthand "|
(babel)             in language append on input line 707.
Package babel Info: Redefining russian shorthand "~
(babel)             in language append on input line 707.
[36]
Package babel Info: Redefining russian shorthand "|
(babel)             in language append on input line 720.
Package babel Info: Redefining russian shorthand "~
(babel)             in language append on input line 720.
Package babel Info: Redefining russian shorthand "|
(babel)             in language append on input line 736.
Package babel Info: Redefining russian shorthand "~
(babel)             in language append on input line 736.
Package babel Info: Redefining russian shorthand "|
(babel)             in language append on input line 736.
Package babel Info: Redefining russian shorthand "~
(babel)             in language append on input line 736.
 [37]
Package babel Info: Redefining russian shorthand "|
(babel)             in language append on input line 747.
Package babel Info: Redefining russian shorthand "~
(babel)             in language append on input line 747.
Package babel Info: Redefining russian shorthand "|
(babel)             in language append on input line 747.
Package babel Info: Redefining russian shorthand "~
(babel)             in language append on input line 747.
 [38]
Package babel Info: Redefining russian shorthand "|
(babel)             in language append on input line 748.
Package babel Info: Redefining russian shorthand "~
(babel)             in language append on input line 748.
Package babel Info: Redefining russian shorthand "|
(babel)             in language append on input line 748.
Package babel Info: Redefining russian shorthand "~
(babel)             in language append on input line 748.
 [39]
{\cyrillictext \CYRG \cyrl \cyra \cyrv \cyra } 3.
Package babel Info: Redefining russian shorthand "|
(babel)             in language append on input line 748.
Package babel Info: Redefining russian shorthand "~
(babel)             in language append on input line 748.
Package babel Info: Redefining russian shorthand "|
(babel)             in language append on input line 750.
Package babel Info: Redefining russian shorthand "~
(babel)             in language append on input line 750.
Package babel Info: Redefining russian shorthand "|
(babel)             in language append on input line 757.
Package babel Info: Redefining russian shorthand "~
(babel)             in language append on input line 757.
Package babel Info: Redefining russian shorthand "|
(babel)             in language append on input line 757.
Package babel Info: Redefining russian shorthand "~
(babel)             in language append on input line 757.
[40

]
Package babel Info: Redefining russian shorthand "|
(babel)             in language append on input line 775.
Package babel Info: Redefining russian shorthand "~
(babel)             in language append on input line 775.
Package babel Info: Redefining russian shorthand "|
(babel)             in language append on input line 775.
Package babel Info: Redefining russian shorthand "~
(babel)             in language append on input line 775.
 [41]
Package babel Info: Redefining russian shorthand "|
(babel)             in language append on input line 779.
Package babel Info: Redefining russian shorthand "~
(babel)             in language append on input line 779.
Package babel Info: Redefining russian shorthand "|
(babel)             in language append on input line 791.
Package babel Info: Redefining russian shorthand "~
(babel)             in language append on input line 791.
Package babel Info: Redefining russian shorthand "|
(babel)             in language append on input line 791.
Package babel Info: Redefining russian shorthand "~
(babel)             in language append on input line 791.
 [42]
Package babel Info: Redefining russian shorthand "|
(babel)             in language append on input line 802.
Package babel Info: Redefining russian shorthand "~
(babel)             in language append on input line 802.
Package babel Info: Redefining russian shorthand "|
(babel)             in language append on input line 802.
Package babel Info: Redefining russian shorthand "~
(babel)             in language append on input line 802.
 [43]
Overfull \hbox (34.34pt too wide) in paragraph at lines 815--816
[]\T2A/lmr/m/it/14.4 programs[programId].uniforms --- сло-варь, со-дер-жа-щий т
и-пы uniform-переменных
 []


Overfull \hbox (2.23395pt too wide) in paragraph at lines 815--816
\T2A/lmr/m/it/14.4 шей-де-ра. Тео-ре-ти-че-ски, эту ин-фор-ма-цию мож-но по-лу-
чить, рас-пар-сив шей-
 []


Overfull \hbox (5.01341pt too wide) in paragraph at lines 816--817
[]\T2A/lmr/m/it/14.4 programs[programId].textures --- сло-варь, со-дер-жа-щий н
о-ме-ра ак-тив-ных тек-
 []

Package babel Info: Redefining russian shorthand "|
(babel)             in language append on input line 818.
Package babel Info: Redefining russian shorthand "~
(babel)             in language append on input line 818.
Package babel Info: Redefining russian shorthand "|
(babel)             in language append on input line 818.
Package babel Info: Redefining russian shorthand "~
(babel)             in language append on input line 818.
[44]
Package babel Info: Redefining russian shorthand "|
(babel)             in language append on input line 832.
Package babel Info: Redefining russian shorthand "~
(babel)             in language append on input line 832.
Package babel Info: Redefining russian shorthand "|
(babel)             in language append on input line 832.
Package babel Info: Redefining russian shorthand "~
(babel)             in language append on input line 832.
 [45]
Overfull \hbox (3.66551pt too wide) in paragraph at lines 834--835
[]\T2A/lmr/m/it/14.4 layers[layerId].textures --- сло-варь, со-по-став-ля-ю-щий
 uniform-переменным но-
 []

Package babel Info: Redefining russian shorthand "|
(babel)             in language append on input line 846.
Package babel Info: Redefining russian shorthand "~
(babel)             in language append on input line 846.
Package babel Info: Redefining russian shorthand "|
(babel)             in language append on input line 846.
Package babel Info: Redefining russian shorthand "~
(babel)             in language append on input line 846.
[46]
Overfull \hbox (12.39479pt too wide) in paragraph at lines 846--847
[]\T2A/lmr/m/it/14.4 postprocessing.blend_iters --- ко-ли-че-ство внут-рен-них 
ите-ра-ций пост-шейдера. 
 []

Package babel Info: Redefining russian shorthand "|
(babel)             in language append on input line 850.
Package babel Info: Redefining russian shorthand "~
(babel)             in language append on input line 850.
Package babel Info: Redefining russian shorthand "|
(babel)             in language append on input line 865.
Package babel Info: Redefining russian shorthand "~
(babel)             in language append on input line 865.
Package babel Info: Redefining russian shorthand "|
(babel)             in language append on input line 865.
Package babel Info: Redefining russian shorthand "~
(babel)             in language append on input line 865.
[47]
Package babel Info: Redefining russian shorthand "|
(babel)             in language append on input line 868.
Package babel Info: Redefining russian shorthand "~
(babel)             in language append on input line 868.
Package babel Info: Redefining russian shorthand "|
(babel)             in language append on input line 883.
Package babel Info: Redefining russian shorthand "~
(babel)             in language append on input line 883.
Package babel Info: Redefining russian shorthand "|
(babel)             in language append on input line 883.
Package babel Info: Redefining russian shorthand "~
(babel)             in language append on input line 883.
 [48]
Package babel Info: Redefining russian shorthand "|
(babel)             in language append on input line 885.
Package babel Info: Redefining russian shorthand "~
(babel)             in language append on input line 885.
Package babel Info: Redefining russian shorthand "|
(babel)             in language append on input line 899.
Package babel Info: Redefining russian shorthand "~
(babel)             in language append on input line 899.
Package babel Info: Redefining russian shorthand "|
(babel)             in language append on input line 899.
Package babel Info: Redefining russian shorthand "~
(babel)             in language append on input line 899.
 [49]
Package babel Info: Redefining russian shorthand "|
(babel)             in language append on input line 900.
Package babel Info: Redefining russian shorthand "~
(babel)             in language append on input line 900.

Overfull \hbox (75.94745pt too wide) in paragraph at lines 902--903
[]\T2A/lmr/m/it/14.4 Для муль-тис-эм-плин-га мож-но бы-ло ис-поль-зо-вать ко-ма
н-ду renderbufferStorageMultisample
 []

Package babel Info: Redefining russian shorthand "|
(babel)             in language append on input line 915.
Package babel Info: Redefining russian shorthand "~
(babel)             in language append on input line 915.
Package babel Info: Redefining russian shorthand "|
(babel)             in language append on input line 919.
Package babel Info: Redefining russian shorthand "~
(babel)             in language append on input line 919.
Package babel Info: Redefining russian shorthand "|
(babel)             in language append on input line 919.
Package babel Info: Redefining russian shorthand "~
(babel)             in language append on input line 919.
[50]
Package babel Info: Redefining russian shorthand "|
(babel)             in language append on input line 944.
Package babel Info: Redefining russian shorthand "~
(babel)             in language append on input line 944.
Package babel Info: Redefining russian shorthand "|
(babel)             in language append on input line 944.
Package babel Info: Redefining russian shorthand "~
(babel)             in language append on input line 944.
 [51]
Package babel Info: Redefining russian shorthand "|
(babel)             in language append on input line 953.
Package babel Info: Redefining russian shorthand "~
(babel)             in language append on input line 953.
Package babel Info: Redefining russian shorthand "|
(babel)             in language append on input line 953.
Package babel Info: Redefining russian shorthand "~
(babel)             in language append on input line 953.
 [52]
Package babel Info: Redefining russian shorthand "|
(babel)             in language append on input line 956.
Package babel Info: Redefining russian shorthand "~
(babel)             in language append on input line 956.
Package babel Info: Redefining russian shorthand "|
(babel)             in language append on input line 964.
Package babel Info: Redefining russian shorthand "~
(babel)             in language append on input line 964.
Package babel Info: Redefining russian shorthand "|
(babel)             in language append on input line 964.
Package babel Info: Redefining russian shorthand "~
(babel)             in language append on input line 964.
 [53]
Underfull \hbox (badness 2799) in paragraph at lines 966--967
[]\T2A/lmr/m/it/14.4 Blondel, Vincent D., et al. "Fast unfolding of communities
 in large
 []


Underfull \hbox (badness 10000) in paragraph at lines 968--969
[]\T2A/lmr/m/it/14.4 Van Der Maaten, Laurens. "Accelerating t-SNE using tree-ba
sed
 []


Underfull \hbox (badness 1112) in paragraph at lines 976--977
\T2A/lmr/m/it/14.4 graphs."Computer Systems and Applications, 2005. The 3rd ACS
/IEEE
 []

Package babel Info: Redefining russian shorthand "|
(babel)             in language append on input line 983.
Package babel Info: Redefining russian shorthand "~
(babel)             in language append on input line 983.
Package babel Info: Redefining russian shorthand "|
(babel)             in language append on input line 983.
Package babel Info: Redefining russian shorthand "~
(babel)             in language append on input line 983.
[54

]
Underfull \hbox (badness 3158) in paragraph at lines 990--991
[]\T2A/lmr/m/it/14.4 Wills, Graham J. "NicheWorks^^Vinteractive visualization o
f very large
 []


Underfull \hbox (badness 3219) in paragraph at lines 990--991
\T2A/lmr/m/it/14.4 graphs."International Symposium on Graph Drawing. Springer, 
Berlin,
 []


Underfull \hbox (badness 10000) in paragraph at lines 994--995
[]\T2A/lmr/m/it/14.4 Bru\OT1/lmr/m/n/14.4 ^^Y\T2A/lmr/m/it/14.4 , Ingo, and Arn
e Frick. "Fast interactive 3-D graph
 []


Underfull \hbox (badness 2253) in paragraph at lines 998--999
[]\T2A/lmr/m/it/14.4 Ho, Joshua, and Seok-Hee Hong. "Drawing clustered graphs i
n three
 []

Package babel Info: Redefining russian shorthand "|
(babel)             in language append on input line 1003.
Package babel Info: Redefining russian shorthand "~
(babel)             in language append on input line 1003.
Package babel Info: Redefining russian shorthand "|
(babel)             in language append on input line 1003.
Package babel Info: Redefining russian shorthand "~
(babel)             in language append on input line 1003.
[55]
Underfull \hbox (badness 2753) in paragraph at lines 1008--1009
[]\T2A/lmr/m/it/14.4 Ohsawa, Yukio, Nels E. Benson, and Masahiko Yachida. "KeyG
raph:
 []


Underfull \hbox (badness 6252) in paragraph at lines 1010--1011
[]\T2A/lmr/m/it/14.4 Erten, Cesim, et al. "GraphAEL: Graph animations with evol
ving
 []


Underfull \hbox (badness 2662) in paragraph at lines 1010--1011
\T2A/lmr/m/it/14.4 layouts."International Symposium on Graph Drawing. Springer,
 Berlin,
 []


Underfull \hbox (badness 1259) in paragraph at lines 1016--1017
[]\T2A/lmr/m/it/14.4 Tominski, Christian, James Abello, and Heidrun Schumann. "
CGV^^VAn
 []


Underfull \hbox (badness 1314) in paragraph at lines 1020--1021
[]\T2A/lmr/m/it/14.4 retarsson, Brynjar, et al. "WiGis: A framework for scalabl
e web-based
 []

Package babel Info: Redefining russian shorthand "|
(babel)             in language append on input line 1021.
Package babel Info: Redefining russian shorthand "~
(babel)             in language append on input line 1021.
Package babel Info: Redefining russian shorthand "|
(babel)             in language append on input line 1021.
Package babel Info: Redefining russian shorthand "~
(babel)             in language append on input line 1021.
[56]
Underfull \hbox (badness 10000) in paragraph at lines 1024--1025
[]\T2A/lmr/m/it/14.4 Itoh, Masahiko, Masashi Toyoda, and Masaru Kitsuregawa. "A
n
 []


Underfull \hbox (badness 1990) in paragraph at lines 1024--1025
\T2A/lmr/m/it/14.4 interactive visualization framework for time-series of web g
raphs in a
 []


Underfull \hbox (badness 1072) in paragraph at lines 1024--1025
\T2A/lmr/m/it/14.4 3D environment."Information Visualisation (IV), 2010 14th In
ternational
 []


Underfull \hbox (badness 1648) in paragraph at lines 1026--1027
[]\T2A/lmr/m/it/14.4 Chen, Yanhua, et al. "Exemplar-based visualization of larg
e document
 []

Package babel Info: Redefining russian shorthand "|
(babel)             in language append on input line 1037.
Package babel Info: Redefining russian shorthand "~
(babel)             in language append on input line 1037.
Package babel Info: Redefining russian shorthand "|
(babel)             in language append on input line 1037.
Package babel Info: Redefining russian shorthand "~
(babel)             in language append on input line 1037.
[57]
Underfull \hbox (badness 10000) in paragraph at lines 1038--1039
[]\T2A/lmr/m/it/14.4 Collins, Christopher, and Sheelagh Carpendale. "VisLink: R
evealing
 []


Underfull \hbox (badness 1515) in paragraph at lines 1038--1039
\T2A/lmr/m/it/14.4 relationships amongst visualizations."IEEE Transactions on V
isualization
 []


Underfull \hbox (badness 7291) in paragraph at lines 1050--1051
[]\T2A/lmr/m/it/14.4 Jarukasemratana, Sorn, and Tsuyoshi Murata. "Recent large 
graph
 []

Package babel Info: Redefining russian shorthand "|
(babel)             in language append on input line 1056.
Package babel Info: Redefining russian shorthand "~
(babel)             in language append on input line 1056.
Package babel Info: Redefining russian shorthand "|
(babel)             in language append on input line 1056.
Package babel Info: Redefining russian shorthand "~
(babel)             in language append on input line 1056.
[58]
{\cyrillictext \CYRG \cyrl \cyra \cyrv \cyra } 4.
Package babel Info: Redefining russian shorthand "|
(babel)             in language append on input line 1056.
Package babel Info: Redefining russian shorthand "~
(babel)             in language append on input line 1056.
<shots/cloud.png, id=550, 1927.2pt x 1084.05pt>
File: shots/cloud.png Graphic file (type png)
<use shots/cloud.png>
Package pdftex.def Info: shots/cloud.png  used on input line 1060.
(pdftex.def)             Requested size: 497.92325pt x 280.07643pt.
<shots/local.png, id=551, 1927.2pt x 1084.05pt>
File: shots/local.png Graphic file (type png)
<use shots/local.png>
Package pdftex.def Info: shots/local.png  used on input line 1066.
(pdftex.def)             Requested size: 497.92325pt x 280.07643pt.

LaTeX Warning: `h' float specifier changed to `ht'.

<shots/3dgraph.png, id=552, 379.6584pt x 173.448pt>
File: shots/3dgraph.png Graphic file (type png)
<use shots/3dgraph.png>
Package pdftex.def Info: shots/3dgraph.png  used on input line 1072.
(pdftex.def)             Requested size: 497.92325pt x 227.4779pt.

LaTeX Warning: `h' float specifier changed to `ht'.

<shots/circle.png, id=553, 251.9814pt x 249.0906pt>
File: shots/circle.png Graphic file (type png)
<use shots/circle.png>
Package pdftex.def Info: shots/circle.png  used on input line 1078.
(pdftex.def)             Requested size: 497.92325pt x 492.23169pt.

LaTeX Warning: `h' float specifier changed to `ht'.

<shots/motion.png, id=554, 1927.2pt x 1084.05pt>
File: shots/motion.png Graphic file (type png)
<use shots/motion.png>
Package pdftex.def Info: shots/motion.png  used on input line 1085.
(pdftex.def)             Requested size: 497.92325pt x 280.07643pt.

LaTeX Warning: `h' float specifier changed to `ht'.

<shots/lens.png, id=555, 1927.2pt x 1084.05pt>
File: shots/lens.png Graphic file (type png)
<use shots/lens.png>
Package pdftex.def Info: shots/lens.png  used on input line 1091.
(pdftex.def)             Requested size: 497.92325pt x 280.07643pt.

LaTeX Warning: `h' float specifier changed to `ht'.

<shots/voronoi_1.png, id=556, 239.2137pt x 141.6492pt>
File: shots/voronoi_1.png Graphic file (type png)
<use shots/voronoi_1.png>
Package pdftex.def Info: shots/voronoi_1.png  used on input line 1097.
(pdftex.def)             Requested size: 497.92325pt x 294.87407pt.

LaTeX Warning: `h' float specifier changed to `ht'.

<shots/clusters.png, id=557, 257.763pt x 237.5274pt>
File: shots/clusters.png Graphic file (type png)
<use shots/clusters.png>
Package pdftex.def Info: shots/clusters.png  used on input line 1103.
(pdftex.def)             Requested size: 497.92325pt x 458.85268pt.

LaTeX Warning: `h' float specifier changed to `ht'.

Package atveryend Info: Empty hook `BeforeClearDocument' on input line 1107.
Package babel Info: Redefining russian shorthand "|
(babel)             in language append on input line 1107.
Package babel Info: Redefining russian shorthand "~
(babel)             in language append on input line 1107.
Package babel Info: Redefining russian shorthand "|
(babel)             in language append on input line 1107.
Package babel Info: Redefining russian shorthand "~
(babel)             in language append on input line 1107.
[59

 <./shots/cloud.png (PNG copy)>]
Package babel Info: Redefining russian shorthand "|
(babel)             in language append on input line 1107.
Package babel Info: Redefining russian shorthand "~
(babel)             in language append on input line 1107.
Package babel Info: Redefining russian shorthand "|
(babel)             in language append on input line 1107.
Package babel Info: Redefining russian shorthand "~
(babel)             in language append on input line 1107.
 [60 <./shots/local.png (PNG copy)> <./shots/3dgraph.png (PNG copy)>]
Package babel Info: Redefining russian shorthand "|
(babel)             in language append on input line 1107.
Package babel Info: Redefining russian shorthand "~
(babel)             in language append on input line 1107.
Package babel Info: Redefining russian shorthand "|
(babel)             in language append on input line 1107.
Package babel Info: Redefining russian shorthand "~
(babel)             in language append on input line 1107.
 [61 <./shots/circle.png (PNG copy)>]
Package babel Info: Redefining russian shorthand "|
(babel)             in language append on input line 1107.
Package babel Info: Redefining russian shorthand "~
(babel)             in language append on input line 1107.
Package babel Info: Redefining russian shorthand "|
(babel)             in language append on input line 1107.
Package babel Info: Redefining russian shorthand "~
(babel)             in language append on input line 1107.
 [62 <./shots/motion.png (PNG copy)> <./shots/lens.png (PNG copy)>]
Package babel Info: Redefining russian shorthand "|
(babel)             in language append on input line 1107.
Package babel Info: Redefining russian shorthand "~
(babel)             in language append on input line 1107.
Package babel Info: Redefining russian shorthand "|
(babel)             in language append on input line 1107.
Package babel Info: Redefining russian shorthand "~
(babel)             in language append on input line 1107.
 [63 <./shots/voronoi_1.png (PNG copy)>]
Package babel Info: Redefining russian shorthand "|
(babel)             in language append on input line 1107.
Package babel Info: Redefining russian shorthand "~
(babel)             in language append on input line 1107.
Package babel Info: Redefining russian shorthand "|
(babel)             in language append on input line 1107.
Package babel Info: Redefining russian shorthand "~
(babel)             in language append on input line 1107.
 [64 <./shots/clusters.png (PNG copy)>]
Package atveryend Info: Empty hook `AfterLastShipout' on input line 1107.
 (./diploma.aux)
Package atveryend Info: Executing hook `AtVeryEndDocument' on input line 1107.
Package atveryend Info: Executing hook `AtEndAfterFileList' on input line 1107.

Package rerunfilecheck Info: File `diploma.out' has not changed.
(rerunfilecheck)             Checksum: 591F3E523B8A1BD92AB768537DCD999F;10890.


LaTeX Font Warning: Some font shapes were not available, defaults substituted.


LaTeX Warning: Label(s) may have changed. Rerun to get cross-references right.

Package atveryend Info: Empty hook `AtVeryVeryEnd' on input line 1107.
 ) 
Here is how much of TeX's memory you used:
 11633 strings out of 494397
 158628 string characters out of 6172289
 230458 words of memory out of 5000000
 14619 multiletter control sequences out of 15000+600000
 20244 words of font info for 36 fonts, out of 8000000 for 9000
 430 hyphenation exceptions out of 8191
 32i,8n,32p,1755b,520s stack positions out of 5000i,500n,10000p,200000b,80000s
{/usr/share/texmf/fonts/enc/dvips/lm/lm-mathsy.enc}{/usr/share/texmf/fonts/en
c/dvips/lm/lm-rm.enc}{/usr/share/texmf/fonts/enc/dvips/lm/lm-mathex.enc}{/usr/s
hare/texmf/fonts/enc/dvips/lm/lm-mathit.enc} </root/.texlive2017/texmf-var/font
s/pk/ljfour/lh/lh-t2a/larm2986.600pk> </root/.texlive2017/texmf-var/fonts/pk/lj
four/lh/lh-t2a/larm2074.600pk> </root/.texlive2017/texmf-var/fonts/pk/ljfour/lh
/lh-t2a/larm3583.600pk> </root/.texlive2017/texmf-var/fonts/pk/ljfour/lh/lh-t2a
/larm1728.600pk> </root/.texlive2017/texmf-var/fonts/pk/ljfour/lh/lh-t2a/larm14
40.600pk></usr/share/texmf/fonts/type1/public/lm/lmex10.pfb></usr/share/texmf/f
onts/type1/public/lm/lmmi10.pfb></usr/share/texmf/fonts/type1/public/lm/lmmi12.
pfb></usr/share/texmf/fonts/type1/public/lm/lmr10.pfb></usr/share/texmf/fonts/t
ype1/public/lm/lmr12.pfb></usr/share/texmf/fonts/type1/public/lm/lmr7.pfb></usr
/share/texmf/fonts/type1/public/lm/lmsy10.pfb></usr/share/texmf/fonts/type1/pub
lic/lm/lmsy7.pfb></usr/share/texlive/texmf-dist/fonts/type1/public/amsfonts/sym
bols/msam10.pfb>
Output written on diploma.pdf (64 pages, 12566999 bytes).
PDF statistics:
 974 PDF objects out of 1000 (max. 8388607)
 585 compressed objects within 6 object streams
 159 named destinations out of 1000 (max. 500000)
 350 words of extra memory for PDF output out of 10000 (max. 10000000)

